<?xml version="1.0" encoding="UTF-8"?>
<testng-results skipped="0" failed="0" ignored="0" total="1" passed="1">
  <reporter-output>
  </reporter-output>
  <suite name="Default suite" duration-ms="130095" started-at="2020-04-28T13:18:08 IST" finished-at="2020-04-28T13:20:18 IST">
    <groups>
    </groups>
    <test name="Default test" duration-ms="130095" started-at="2020-04-28T13:18:08 IST" finished-at="2020-04-28T13:20:18 IST">
      <class name="com.pracc.com.TestMeApppp.TestMe">
        <test-method status="PASS" signature="TestMeVerify()[pri:0, instance:com.pracc.com.TestMeApppp.TestMe@4fe3c938]" name="TestMeVerify" duration-ms="129978" started-at="2020-04-28T13:18:08 IST" finished-at="2020-04-28T13:20:18 IST">
          <reporter-output>
          </reporter-output>
        </test-method> <!-- TestMeVerify -->
      </class> <!-- com.pracc.com.TestMeApppp.TestMe -->
    </test> <!-- Default test -->
  </suite> <!-- Default suite -->
</testng-results>
